#
# There is insufficient memory for the Java Runtime Environment to continue.
# Native memory allocation (malloc) failed to allocate 131088 bytes for Chunk::new
# Possible reasons:
#   The system is out of physical RAM or swap space
#   In 32 bit mode, the process size limit was hit
# Possible solutions:
#   Reduce memory load on the system
#   Increase physical memory or swap space
#   Check if swap backing store is full
#   Use 64 bit Java on a 64 bit OS
#   Decrease Java heap size (-Xmx/-Xms)
#   Decrease number of Java threads
#   Decrease Java thread stack sizes (-Xss)
#   Set larger code cache with -XX:ReservedCodeCacheSize=
# This output file may be truncated or incomplete.
#
#  Out of Memory Error (allocation.cpp:390), pid=6884, tid=10556
#
# JRE version: Java(TM) SE Runtime Environment (8.0_60-b27) (build 1.8.0_60-b27)
# Java VM: Java HotSpot(TM) 64-Bit Server VM (25.60-b23 mixed mode windows-amd64 compressed oops)
# Failed to write core dump. Minidumps are not enabled by default on client versions of Windows
#

---------------  T H R E A D  ---------------

Current thread (0x0000000056884800):  JavaThread "C2 CompilerThread2" daemon [_thread_in_native, id=10556, stack(0x0000000058ea0000,0x0000000058fa0000)]

Stack: [0x0000000058ea0000,0x0000000058fa0000]
[error occurred during error reporting (printing stack bounds), id 0xc0000005]

Native frames: (J=compiled Java code, j=interpreted, Vv=VM code, C=native code)


Current CompileTask:
C2:   1101 1374       4       com.android.dx.ssa.SCCP::simulateBranch (666 bytes)


---------------  P R O C E S S  ---------------

Java Threads: ( => current thread )
  0x00000000594de000 JavaThread "pool-1-thread-4" [_thread_blocked, id=11032, stack(0x000000005a270000,0x000000005a370000)]
  0x00000000594d8800 JavaThread "pool-1-thread-3" [_thread_blocked, id=11572, stack(0x000000005a140000,0x000000005a240000)]
  0x00000000594be800 JavaThread "pool-1-thread-2" [_thread_blocked, id=11444, stack(0x000000005a010000,0x000000005a110000)]
  0x00000000594bb800 JavaThread "pool-2-thread-1" [_thread_blocked, id=9880, stack(0x0000000059ea0000,0x0000000059fa0000)]
  0x0000000056b47800 JavaThread "pool-1-thread-1" [_thread_in_Java, id=8680, stack(0x0000000059cb0000,0x0000000059db0000)]
  0x00000000568fc000 JavaThread "Service Thread" daemon [_thread_blocked, id=11140, stack(0x0000000059220000,0x0000000059320000)]
  0x000000005566f000 JavaThread "C1 CompilerThread3" daemon [_thread_blocked, id=6876, stack(0x0000000059040000,0x0000000059140000)]
=>0x0000000056884800 JavaThread "C2 CompilerThread2" daemon [_thread_in_native, id=10556, stack(0x0000000058ea0000,0x0000000058fa0000)]
  0x000000005566a000 JavaThread "C2 CompilerThread1" daemon [_thread_in_native, id=7560, stack(0x0000000058d70000,0x0000000058e70000)]
  0x0000000056844800 JavaThread "C2 CompilerThread0" daemon [_thread_in_native, id=10244, stack(0x0000000058b70000,0x0000000058c70000)]
  0x0000000056837800 JavaThread "Attach Listener" daemon [_thread_blocked, id=9280, stack(0x0000000058980000,0x0000000058a80000)]
  0x0000000056836800 JavaThread "Signal Dispatcher" daemon [_thread_blocked, id=9256, stack(0x0000000057e30000,0x0000000057f30000)]
  0x000000005565f000 JavaThread "Finalizer" daemon [_thread_blocked, id=10916, stack(0x0000000057ab0000,0x0000000057bb0000)]
  0x0000000055658800 JavaThread "Reference Handler" daemon [_thread_blocked, id=9884, stack(0x0000000057990000,0x0000000057a90000)]
  0x000000000256e800 JavaThread "main" [_thread_blocked, id=11580, stack(0x0000000002710000,0x0000000002810000)]

Other Threads:
  0x0000000055653800 VMThread [stack: 0x00000000577a0000,0x00000000578a0000] [id=8844]
  0x0000000056956800 WatcherThread [stack: 0x0000000059320000,0x0000000059420000] [id=10692]

VM state:not at safepoint (normal execution)

VM Mutex/Monitor currently owned by a thread: None

Heap:
 PSYoungGen      total 57344K, used 23919K [0x00000000eab00000, 0x00000000eeb00000, 0x0000000100000000)
  eden space 49152K, 32% used [0x00000000eab00000,0x00000000eba5f0f0,0x00000000edb00000)
  from space 8192K, 99% used [0x00000000edb00000,0x00000000ee2fcdb8,0x00000000ee300000)
  to   space 8192K, 0% used [0x00000000ee300000,0x00000000ee300000,0x00000000eeb00000)
 ParOldGen       total 131072K, used 318K [0x00000000c0000000, 0x00000000c8000000, 0x00000000eab00000)
  object space 131072K, 0% used [0x00000000c0000000,0x00000000c004f8d0,0x00000000c8000000)
 Metaspace       used 6146K, capacity 7030K, committed 7296K, reserved 1056768K
  class space    used 607K, capacity 622K, committed 640K, reserved 1048576K

Card table byte_map: [0x0000000011bd0000,0x0000000011de0000] byte_map_base: 0x00000000115d0000

Marking Bits: (ParMarkBitMap*) 0x000000005881a5b0
 Begin Bits: [0x0000000012a70000, 0x0000000013a70000)
 End Bits:   [0x0000000013a70000, 0x0000000014a70000)

Polling page: 0x00000000001c0000

CodeCache: size=245760Kb used=5385Kb max_used=5385Kb free=240374Kb
 bounds [0x0000000002810000, 0x0000000002d60000, 0x0000000011810000]
 total_blobs=1617 nmethods=1346 adapters=184
 compilation: enabled

Compilation events (10 events):
Event: 1.089 Thread 0x000000005566f000 1369   !   3       com.android.dx.cf.code.ExecutionStack::merge (31 bytes)
Event: 1.089 Thread 0x000000005566f000 nmethod 1369 0x0000000002d3c750 code [0x0000000002d3c900, 0x0000000002d3cda8]
Event: 1.089 Thread 0x000000005566f000 1373       3       com.android.dx.rop.type.Type::internClassName (56 bytes)
Event: 1.090 Thread 0x000000005566f000 nmethod 1373 0x0000000002d54ad0 code [0x0000000002d54d20, 0x0000000002d55bd8]
Event: 1.090 Thread 0x000000005566f000 1371       3       java.util.HashMap::tableSizeFor (59 bytes)
Event: 1.090 Thread 0x000000005566f000 nmethod 1371 0x0000000002d3c2d0 code [0x0000000002d3c440, 0x0000000002d3c650]
Event: 1.090 Thread 0x000000005566f000 1367       3       com.android.dx.dex.code.OutputFinisher::hasLocalInfo (20 bytes)
Event: 1.091 Thread 0x000000005566f000 nmethod 1367 0x0000000002d562d0 code [0x0000000002d56440, 0x0000000002d566d0]
Event: 1.091 Thread 0x000000005566f000 1364       3       java.util.concurrent.locks.ReentrantLock::unlock (10 bytes)
Event: 1.091 Thread 0x000000005566f000 nmethod 1364 0x0000000002d56790 code [0x0000000002d56920, 0x0000000002d56d18]

GC Heap History (2 events):
Event: 0.880 GC heap before
{Heap before GC invocations=1 (full 0):
 PSYoungGen      total 57344K, used 49152K [0x00000000eab00000, 0x00000000eeb00000, 0x0000000100000000)
  eden space 49152K, 100% used [0x00000000eab00000,0x00000000edb00000,0x00000000edb00000)
  from space 8192K, 0% used [0x00000000ee300000,0x00000000ee300000,0x00000000eeb00000)
  to   space 8192K, 0% used [0x00000000edb00000,0x00000000edb00000,0x00000000ee300000)
 ParOldGen       total 131072K, used 0K [0x00000000c0000000, 0x00000000c8000000, 0x00000000eab00000)
  object space 131072K, 0% used [0x00000000c0000000,0x00000000c0000000,0x00000000c8000000)
 Metaspace       used 6056K, capacity 6966K, committed 7040K, reserved 1056768K
  class space    used 606K, capacity 622K, committed 640K, reserved 1048576K
Event: 0.935 GC heap after
Heap after GC invocations=1 (full 0):
 PSYoungGen      total 57344K, used 8179K [0x00000000eab00000, 0x00000000eeb00000, 0x0000000100000000)
  eden space 49152K, 0% used [0x00000000eab00000,0x00000000eab00000,0x00000000edb00000)
  from space 8192K, 99% used [0x00000000edb00000,0x00000000ee2fcdb8,0x00000000ee300000)
  to   space 8192K, 0% used [0x00000000ee300000,0x00000000ee300000,0x00000000eeb00000)
 ParOldGen       total 131072K, used 318K [0x00000000c0000000, 0x00000000c8000000, 0x00000000eab00000)
  object space 131072K, 0% used [0x00000000c0000000,0x00000000c004f8d0,0x00000000c8000000)
 Metaspace       used 6056K, capacity 6966K, committed 7040K, reserved 1056768K
  class space    used 606K, capacity 622K, committed 640K, reserved 1048576K
}

Deoptimization events (5 events):
Event: 0.449 Thread 0x00000000594de000 Uncommon trap: reason=unstable_if action=reinterpret pc=0x0000000002a286d8 method=java.util.HashMap.getNode(ILjava/lang/Object;)Ljava/util/HashMap$Node; @ 129
Event: 0.462 Thread 0x00000000594de000 Uncommon trap: reason=unstable_if action=reinterpret pc=0x0000000002a30760 method=java.util.BitSet.nextSetBit(I)I @ 87
Event: 0.652 Thread 0x00000000594be800 Uncommon trap: reason=unstable_if action=reinterpret pc=0x0000000002b185dc method=com.android.dx.rop.code.RegisterSpecSet.put(Lcom/android/dx/rop/code/RegisterSpec;)V @ 77
Event: 0.715 Thread 0x00000000594d8800 Uncommon trap: reason=unstable_if action=reinterpret pc=0x0000000002adb810 method=com.android.dx.rop.code.RegisterSpec.equals(ILcom/android/dx/rop/type/TypeBearer;Lcom/android/dx/rop/code/LocalItem;)Z @ 42
Event: 0.838 Thread 0x000000000256e800 Uncommon trap: reason=unstable_if action=reinterpret pc=0x0000000002ab6544 method=com.android.dx.rop.cst.Constant.compareTo(Lcom/android/dx/rop/cst/Constant;)I @ 12

Internal exceptions (2 events):
Event: 0.038 Thread 0x000000000256e800 Exception <a 'java/lang/NoSuchMethodError': Method sun.misc.Unsafe.defineClass(Ljava/lang/String;[BII)Ljava/lang/Class; name or signature does not match> (0x00000000eab12d80) thrown at [C:\re\workspace\8-2-build-windows-amd64-cygwin\jdk8u60\4407\hotspot\sréÇÁ¦b…£?
Event: 0.038 Thread 0x000000000256e800 Exception <a 'java/lang/NoSuchMethodError': Method sun.misc.Unsafe.prefetchRead(Ljava/lang/Object;J)V name or signature does not match> (0x00000000eab13068) thrown at [C:\re\workspace\8-2-build-windows-amd64-cygwin\jdk8u60\4407\hotspot\src\share\vm\prims\j

Events (10 events):
Event: 0.715 Thread 0x00000000594d8800 DEOPT UNPACKING pc=0x000000000285582a sp=0x000000005a23e9f8 mode 2
Event: 0.831 Executing VM operation: ForceSafepoint
Event: 0.832 Executing VM operation: ForceSafepoint done
Event: 0.838 Thread 0x000000000256e800 Uncommon trap: trap_request=0xffffff65 fr.pc=0x0000000002ab6544
Event: 0.838 Thread 0x000000000256e800 DEOPT PACKING pc=0x0000000002ab6544 sp=0x000000000280e230
Event: 0.838 Thread 0x000000000256e800 DEOPT UNPACKING pc=0x000000000285582a sp=0x000000000280e1d0 mode 2
Event: 0.880 Executing VM operation: ParallelGCFailedAllocation
Event: 0.935 Executing VM operation: ParallelGCFailedAllocation done
Event: 1.075 loading class com/android/dx/cf/attrib/AttExceptions
Event: 1.075 loading class com/android/dx/cf/attrib/AttExceptions done


Dynamic libraries:
0x000000013f330000 - 0x000000013f367000 	C:\Program Files\Java\jdk1.8.0_60\bin\java.exe
0x0000000077500000 - 0x00000000776a9000 	C:\Windows\SYSTEM32\ntdll.dll
0x00000000773e0000 - 0x00000000774ff000 	C:\Windows\system32\kernel32.dll
0x000007fefd310000 - 0x000007fefd37c000 	C:\Windows\system32\KERNELBASE.dll
0x000007fefec90000 - 0x000007fefed6b000 	C:\Windows\system32\ADVAPI32.dll
0x000007feff680000 - 0x000007feff71f000 	C:\Windows\system32\msvcrt.dll
0x000007fefe8b0000 - 0x000007fefe8cf000 	C:\Windows\SYSTEM32\sechost.dll
0x000007fefe5f0000 - 0x000007fefe71d000 	C:\Windows\system32\RPCRT4.dll
0x00000000772e0000 - 0x00000000773da000 	C:\Windows\system32\USER32.dll
0x000007feff7a0000 - 0x000007feff807000 	C:\Windows\system32\GDI32.dll
0x000007fefed70000 - 0x000007fefed7e000 	C:\Windows\system32\LPK.dll
0x000007fefe510000 - 0x000007fefe5d9000 	C:\Windows\system32\USP10.dll
0x000007fefb7b0000 - 0x000007fefb9a4000 	C:\Windows\WinSxS\amd64_microsoft.windows.common-controls_6595b64144ccf1df_6.0.7601.18837_none_fa3b1e3d17594757\COMCTL32.dll
0x000007fefed80000 - 0x000007fefedf1000 	C:\Windows\system32\SHLWAPI.dll
0x000007feff720000 - 0x000007feff74e000 	C:\Windows\system32\IMM32.DLL
0x000007fefd670000 - 0x000007fefd779000 	C:\Windows\system32\MSCTF.dll
0x0000000057c00000 - 0x0000000057cd2000 	C:\Program Files\Java\jdk1.8.0_60\jre\bin\msvcr100.dll
0x0000000058010000 - 0x0000000058899000 	C:\Program Files\Java\jdk1.8.0_60\jre\bin\server\jvm.dll
0x000007fef8c60000 - 0x000007fef8c69000 	C:\Windows\system32\WSOCK32.dll
0x000007feff750000 - 0x000007feff79d000 	C:\Windows\system32\WS2_32.dll
0x000007fefe5e0000 - 0x000007fefe5e8000 	C:\Windows\system32\NSI.dll
0x000007fef9ce0000 - 0x000007fef9d1b000 	C:\Windows\system32\WINMM.dll
0x000007fefc380000 - 0x000007fefc38c000 	C:\Windows\system32\VERSION.dll
0x00000000776d0000 - 0x00000000776d7000 	C:\Windows\system32\PSAPI.DLL
0x0000000058920000 - 0x000000005892f000 	C:\Program Files\Java\jdk1.8.0_60\jre\bin\verify.dll
0x00000000588f0000 - 0x0000000058919000 	C:\Program Files\Java\jdk1.8.0_60\jre\bin\java.dll
0x00000000588d0000 - 0x00000000588e6000 	C:\Program Files\Java\jdk1.8.0_60\jre\bin\zip.dll
0x000007fefd780000 - 0x000007fefe509000 	C:\Windows\system32\SHELL32.dll
0x000007feff3d0000 - 0x000007feff5d3000 	C:\Windows\system32\ole32.dll
0x000007fefd2c0000 - 0x000007fefd2cf000 	C:\Windows\system32\profapi.dll

VM Arguments:
jvm_args: -Xmx1024M -Dfile.encoding=GBK -Duser.country=MY -Duser.language=en -Duser.variant 
java_command: com.android.dx.command.Main --dex --num-threads=4 --output C:\Users\Ladious\Desktop\MobileAssignment2\MobileAssign3\MobileAssign4\app\build\intermediates\pre-dexed\debug\classes-da855393541c907da5a9b543f32cdddc76814fe4.jar C:\Users\Ladious\Desktop\MobileAssignment2\MobileAssign3\MobileAssign4\app\build\intermediates\exploded-aar\com.android.support\appcompat-v7\23.1.1\jars\classes.jar
java_class_path (initial): C:\Users\Ladious\AppData\Local\Android\sdk\build-tools\23.0.2\lib\dx.jar
Launcher Type: SUN_STANDARD

Environment Variables:
PATH=C:\ProgramData\Oracle\Java\javapath;C:\Program Files (x86)\Intel\iCLS Client\;C:\Program Files\Intel\iCLS Client\;C:\Windows\system32;C:\Windows;C:\Windows\System32\Wbem;C:\Windows\System32\WindowsPowerShell\v1.0\;C:\Program Files\Intel\Intel(R) Management Engine Components\DAL;C:\Program Files\Intel\Intel(R) Management Engine Components\IPT;C:\Program Files (x86)\Intel\Intel(R) Management Engine Components\DAL;C:\Program Files (x86)\Intel\Intel(R) Management Engine Components\IPT;C:\Program Files (x86)\NVIDIA Corporation\PhysX\Common;C:\Program Files (x86)\Windows Kits\8.1\Windows Performance Toolkit\;C:\Program Files\Microsoft SQL Server\110\Tools\Binn\;C:\Program Files (x86)\Microsoft SDKs\TypeScript\1.0\;C:\Program Files\Git\cmd;C:\Program Files\Git\mingw64\bin;C:\Program Files\Git\usr\bin;
USERNAME=Ladious
OS=Windows_NT
PROCESSOR_IDENTIFIER=Intel64 Family 6 Model 58 Stepping 9, GenuineIntel



---------------  S Y S T E M  ---------------

OS: Windows 7 , 64 bit Build 7601 (6.1.7601.18939)

CPU:total 8 (4 cores per cpu, 2 threads per core) family 6 model 58 stepping 9, cmov, cx8, fxsr, mmx, sse, sse2, sse3, ssse3, sse4.1, sse4.2, popcnt, avx, aes, clmul, erms, ht, tsc, tscinvbit, tscinv

Memory: 4k page, physical 12532080k(1610952k free), swap 12530240k(5140k free)

vm_info: Java HotSpot(TM) 64-Bit Server VM (25.60-b23) for windows-amd64 JRE (1.8.0_60-b27), built on Aug  4 2015 11:06:27 by "java_re" with MS VC++ 10.0 (VS2010)

time: Sat Dec 12 22:20:13 2015
elapsed time: 1 seconds (0d 0h 0m 1s)

