 com.android.dx.ssa.back.LivenessAnalyzer::liveOutAtStatement (61 bytes)


---------------  P R O C E S S  ---------------

Java Threads: ( => current thread )
  0x00000000569e5000 JavaThread "pool-1-thread-4" [_thread_in_Java, id=8372, stack(0x0000000059bd0000,0x0000000059cd0000)]
  0x00000000591dd800 JavaThread "pool-1-thread-3" [_thread_blocked, id=10512, stack(0x00000000599d0000,0x0000000059ad0000)]
  0x00000000591da000 JavaThread "pool-1-thread-2" [_thread_in_Java, id=10664, stack(0x0000000059860000,0x0000000059960000)]
  0x00000000590b2800 JavaThread "pool-2-thread-1" [_thread_blocked, id=13064, stack(0x0000000057f10000,0x0000000058010000)]
  0x00000000569fe000 JavaThread "pool-1-thread-1" [_thread_in_Java, id=1956, stack(0x00000000575e0000,0x00000000576e0000)]
  0x0000000056760000 JavaThread "Service Thread" daemon [_thread_blocked, id=1936, stack(0x0000000058c50000,0x0000000058d50000)]
  0x00000000566e9000 JavaThread "C1 CompilerThread3" daemon [_thread_blocked, id=7644, stack(0x0000000058d50000,0x0000000058e50000)]
  0x00000000566e4000 JavaThread "C2 CompilerThread2" daemon [_thread_blocked, id=12792, stack(0x0000000058af0000,0x0000000058bf0000)]
  0x00000000566e1000 JavaThread "C2 CompilerThread1" daemon [_thread_blocked, id=12332, stack(0x0000000057cf0000,0x0000000057df0000)]
=>0x000000005561d800 JavaThread "C2 CompilerThread0" daemon [_thread_in_native, id=12672, stack(0x00000000589d0000,0x0000000058ad0000)]
  0x00000000566d7000 JavaThread "Attach Listener" daemon [_thread_blocked, id=10980, stack(0x0000000057ad0000,0x0000000057bd0000)]
  0x00000000566d6000 JavaThread "Signal Dispatcher" daemon [_thread_blocked, id=7456, stack(0x0000000057df0000,0x0000000057ef0000)]
  0x000000005560c000 JavaThread "Finalizer" daemon [_thread_blocked, id=12880, stack(0x0000000057850000,0x0000000057950000)]
  0x0000000055605000 JavaThread "Reference Handler" daemon [_thread_blocked, id=12800, stack(0x0000000057960000,0x0000000057a60000)]
  0x000000000254e800 JavaThread "main" [_thread_blocked, id=10532, stack(0x00000000026f0000,0x00000000027f0000)]

Other Threads:
  0x0000000056673800 VMThread [stack: 0x00000000576e0000,0x00000000577e0000] [id=5488]
  0x000000005679d800 WatcherThread [stack: 0x0000000058f20000,0x0000000059020000] [id=5484]

VM state:not at safepoint (normal execution)

VM Mutex/Monitor currently owned by a thread: None

Heap:
 PSYoungGen      total 57344K, used 39338K [0x00000000eab00000, 0x00000000eeb00000, 0x0000000100000000)
  eden space 49152K, 80% used [0x00000000eab00000,0x00000000ed16a8b8,0x00000000edb00000)
  from space 8192K, 0% used [0x00000000ee300000,0x00000000ee300000,0x00000000eeb00000)
  to   space 8192K, 0% used [0x00000000edb00000,0x00000000edb00000,0x00000000ee300000)
 ParOldGen       total 131072K, used 0K [0x00000000c0000000, 0x00000000c8000000, 0x00000000eab00000)
  object space 131072K, 0% used [0x00000000c0000000,0x00000000c0000000,0x00000000c8000000)
 Metaspace       used 5999K, capacity 6900K, committed 7040K, reserved 1056768K
  class space    used 605K, capacity 620K, committed 640K, reserved 1048576K

Card table byte_map: [0x0000000011bb0000,0x0000000011dc0000] byte_map_base: 0x00000000115b0000

Marking Bits: (ParMarkBitMap*) 0x000000005881a5b0
 Begin Bits: [0x0000000012a20000, 0x0000000013a20000)
 End Bits:   [0x0000000013a20000, 0x0000000014a20000)

Polling page: 0x0000000000230000

CodeCache: size=245760Kb used=4381Kb max_used=4399Kb free=241378Kb
 bounds [0x00000000027f0000, 0x0000000002c50000, 0x00000000117f0000]
 total_blobs=1414 nmethods=1142 adapters=184
 compilation: disabled (not enough contiguous free space left)

Compilation events (10 events):
Event: 1.125 Thread 0x00000000566e4000 nmethod 1117 0x0000000002c38190 code [0x0000000002c382e0, 0x0000000002c38418]
Event: 1.125 Thread 0x00000000566e4000 1101       4       com.android.dx.rop.code.RegisterSpecList::<init> (6 bytes)
Event: 1.125 Thread 0x00000000566e9000 nmethod 1143 0x0000000002c37e10 code [0x0000000002c37f60, 0x0000000002c38110]
Event: 1.127 Thread 0x00000000566e4000 nmethod 1101 0x0000000002c37a90 code [0x0000000002c37be0, 0x0000000002c37d18]
Event: 1.127 Thread 0x00000000566e4000 1130       4       com.android.dx.rop.code.Rop::isCommutative (60 bytes)
Event: 1.127 Thread 0x00000000566e4000 nmethod 1130 0x0000000002b42650 code [0x0000000002b42780, 0x0000000002b427f8]
Event: 1.127 Thread 0x00000000566e4000 1093       4       com.android.dx.rop.type.Type::getFrameType (58 bytes)
Event: 1.127 Thread 0x00000000566e9000 1146       3       com.android.dx.cf.code.Ropper::addExceptionSetupBlocks (203 bytes)
Event: 1.128 Thread 0x00000000566e4000 nmethod 1093 0x0000000002c37890 code [0x0000000002c379c0, 0x0000000002c37a38]
Event: 1.128 Thread 0x00000000566e4000 1149       4       com.android.dx.cf.code.Ropper::labelToResultIndex (47 bytes)

GC Heap History (0 events):
No events

Deoptimization events (3 events):
Event: 1.007 Thread 0x00000000569fe000 Uncommon trap: reason=unstable_if action=reinterpret pc=0x0000000002a393a0 method=java.util.BitSet.nextSetBit(I)I @ 87
Event: 1.081 Thread 0x00000000569e5000 Uncommon trap: reason=class_check action=maybe_recompile pc=0x0000000002ba7810 method=com.android.dx.rop.type.Type.equals(Ljava/lang/Object;)Z @ 8
Event: 1.082 Thread 0x00000000569e5000 Uncommon trap: reason=null_check action=make_not_entrant pc=0x0000000002ba7820 method=com.android.dx.rop.type.Type.equals(Ljava/lang/Object;)Z @ 8

Internal exceptions (3 events):
Event: 0.039 Thread 0x000000000254e800 Exception <a 'java/lang/NoSuchMethodError': Method sun.misc.Unsafe.defineClass(Ljava/lang/String;[BII)Ljava/lang/Class; name or signature does not match> (0x00000000eab12df0) thrown at [C:\re\workspace\8-2-build-windows-amd64-cygwin\jdk8u60\4407\hotspot\sr ê“¿g%¤?
Event: 0.039 Thread 0x000000000254e800 Exception <a 'java/lang/NoSuchMethodError': Method sun.misc.Unsafe.prefetchRead(Ljava/lang/Object;J)V name or signature does not match> (0x00000000eab130d8) thrown at [C:\re\workspace\8-2-build-windows-amd64-cygwin\jdk8u60\4407\hotspot\src\share\vm\prims\jÁ~ÛÖ÷Nñ?
Event: 1.082 Thread 0x00000000569e5000 Implicit null exception at 0x0000000002ba7712 to 0x0000000002ba7811

Events (10 events):
Event: 0.986 loading class com/android/dx/dex/file/FieldAnnotationStruct done
Event: 1.007 Thread 0x00000000569fe000 Uncommon trap: trap_request=0xffffff65 fr.pc=0x0000000002a393a0
Event: 1.007 Thread 0x00000000569fe000 DEOPT PACKING pc=0x0000000002a393a0 sp=0x00000000576debb0
Event: 1.007 Thread 0x00000000569fe000 DEOPT UNPACKING pc=0x000000000283582a sp=0x00000000576deb48 mode 2
Event: 1.081 Thread 0x00000000569e5000 Uncommon trap: trap_request=0xffffffde fr.pc=0x0000000002ba7810
Event: 1.081 Thread 0x00000000569e5000 DEOPT PACKING pc=0x0000000002ba7810 sp=0x0000000059cce520
Event: 1.081 Thread 0x00000000569e5000 DEOPT UNPACKING pc=0x000000000283582a sp=0x0000000059cce4c8 mode 2
Event: 1.082 Thread 0x00000000569e5000 Uncommon trap: trap_request=0xfffffff4 fr.pc=0x0000000002ba7820
Event: 1.082 Thread 0x00000000569e5000 DEOPT PACKING pc=0x0000000002ba7820 sp=0x0000000059cce4c0
Event: 1.082 Thread 0x00000000569e5000 DEOPT UNPACKING pc=0x000000000283582a sp=0x0000000059cce468 mode 2


Dynamic libraries:
0x000000013f330000 - 0x000000013f367000 	C:\Program Files\Java\jdk1.8.0_60\bin\java.exe
0x0000000077500000 - 0x00000000776a9000 	C:\Windows\SYSTEM32\ntdll.dll
0x00000000773e0000 - 0x00000000774ff000 	C:\Windows\system32\kernel32.dll
0x000007fefd310000 - 0x000007fefd37c000 	C:\Windows\system32\KERNELBASE.dll
0x000007fefec90000 - 0x000007fefed6b000 	C:\Windows\system32\ADVAPI32.dll
0x000007feff680000 - 0x000007feff71f000 	C:\Windows\system32\msvcrt.dll
0x000007fefe8b0000 - 0x000007fefe8cf000 	C:\Windows\SYSTEM32\sechost.dll
0x000007fefe5f0000 - 0x000007fefe71d000 	C:\Windows\system32\RPCRT4.dll
0x00000000772e0000 - 0x00000000773da000 	C:\Windows\system32\USER32.dll
0x000007feff7a0000 - 0x000007feff807000 	C:\Windows\system32\GDI32.dll
0x000007fefed70000 - 0x000007fefed7e000 	C:\Windows\system32\LPK.dll
0x000007fefe510000 - 0x000007fefe5d9000 	C:\Windows\system32\USP10.dll
0x000007fefb7b0000 - 0x000007fefb9a4000 	C:\Windows\WinSxS\amd64_microsoft.windows.common-controls_6595b64144ccf1df_6.0.7601.18837_none_fa3b1e3d17594757\COMCTL32.dll
0x000007fefed80000 - 0x000007fefedf1000 	C:\Windows\system32\SHLWAPI.dll
0x000007feff720000 - 0x000007feff74e000 	C:\Windows\system32\IMM32.DLL
0x000007fefd670000 - 0x000007fefd779000 	C:\Windows\system32\MSCTF.dll
0x0000000057c00000 - 0x0000000057cd2000 	C:\Program Files\Java\jdk1.8.0_60\jre\bin\msvcr100.dll
0x0000000058010000 - 0x0000000058899000 	C:\Program Files\Java\jdk1.8.0_60\jre\bin\server\jvm.dll
0x000007fef8c60000 - 0x000007fef8c69000 	C:\Windows\system32\WSOCK32.dll
0x000007feff750000 - 0x000007feff79d000 	C:\Windows\system32\WS2_32.dll
0x000007fefe5e0000 - 0x000007fefe5e8000 	C:\Windows\system32\NSI.dll
0x000007fef9ce0000 - 0x000007fef9d1b000 	C:\Windows\system32\WINMM.dll
0x000007fefc380000 - 0x000007fefc38c000 	C:\Windows\system32\VERSION.dll
0x00000000776d0000 - 0x00000000776d7000 	C:\Windows\system32\PSAPI.DLL
0x0000000058920000 - 0x000000005892f000 	C:\Program Files\Java\jdk1.8.0_60\jre\bin\verify.dll
0x00000000588f0000 - 0x0000000058919000 	C:\Program Files\Java\jdk1.8.0_60\jre\bin\java.dll
0x00000000588d0000 - 0x00000000588e6000 	C:\Program Files\Java\jdk1.8.0_60\jre\bin\zip.dll
0x000007fefd780000 - 0x000007fefe509000 	C:\Windows\system32\SHELL32.dll
0x000007feff3d0000 - 0x000007feff5d3000 	C:\Windows\system32\ole32.dll
0x000007fefd2c0000 - 0x000007fefd2cf000 	C:\Windows\system32\profapi.dll

VM Arguments:
jvm_args: -Xmx1024M -Dfile.encoding=GBK -Duser.country=MY -Duser.language=en -Duser.variant 
java_command: com.android.dx.command.Main --dex --num-threads=4 --output C:\Users\Ladious\Desktop\MobileAssignment2\MobileAssign3\MobileAssign4\app\build\intermediates\pre-dexed\debug\classes-ea455b364959048560b8c83e5c74379e4ac3f8ab.jar C:\Users\Ladious\Desktop\MobileAssignment2\MobileAssign3\MobileAssign4\app\build\intermediates\exploded-aar\com.android.support\support-v4\23.1.1\jars\classes.jar
java_class_path (initial): C:\Users\Ladious\AppData\Local\Android\sdk\build-tools\23.0.2\lib\dx.jar
Launcher Type: SUN_STANDARD

Environment Variables:
PATH=C:\ProgramData\Oracle\Java\javapath;C:\Program Files (x86)\Intel\iCLS Client\;C:\Program Files\Intel\iCLS Client\;C:\Windows\system32;C:\Windows;C:\Windows\System32\Wbem;C:\Windows\System32\WindowsPowerShell\v1.0\;C:\Program Files\Intel\Intel(R) Management Engine Components\DAL;C:\Program Files\Intel\Intel(R) Management Engine Components\IPT;C:\Program Files (x86)\Intel\Intel(R) Management Engine Components\DAL;C:\Program Files (x86)\Intel\Intel(R) Management Engine Components\IPT;C:\Program Files (x86)\NVIDIA Corporation\PhysX\Common;C:\Program Files (x86)\Windows Kits\8.1\Windows Performance Toolkit\;C:\Program Files\Microsoft SQL Server\110\Tools\Binn\;C:\Program Files (x86)\Microsoft SDKs\TypeScript\1.0\;C:\Program Files\Git\cmd;C:\Program Files\Git\mingw64\bin;C:\Program Files\Git\usr\bin;
USERNAME=Ladious
OS=Windows_NT
PROCESSOR_IDENTIFIER=Intel64 Family 6 Model 58 Stepping 9, GenuineIntel



---------------  S Y S T E M  ---------------

OS: Windows 7 , 64 bit Build 7601 (6.1.7601.18939)

CPU:total 8 (4 cores per cpu, 2 threads per core) family 6 model 58 stepping 9, cmov, cx8, fxsr, mmx, sse, sse2, sse3, ssse3, sse4.1, sse4.2, popcnt, avx, aes, clmul, erms, ht, tsc, tscinvbit, tscinv

Memory: 4k page, physical 12532080k(1614460k free), swap 12530240k(7344k free)

vm_info: Java HotSpot(TM) 64-Bit Server VM (25.60-b23) for windows-amd64 JRE (1.8.0_60-b27), built on Aug  4 2015 11:06:27 by "java_re" with MS VC++ 10.0 (VS2010)

time: Sat Dec 12 22:20:13 2015
elapsed time: 1 seconds (0d 0h 0m 1s)

